<?xml version="1.0" encoding="UTF-8"?>
<!-- Generated by org.testng.reporters.JUnitReportReporter -->
<testsuite skipped="0" hostname="Xactly-PC" name="runner.TestRunner" tests="2" failures="0" timestamp="15 Mar 2020 07:30:16 GMT" time="24.439" errors="0">
  <testcase name="EmployeeTest" time="11.969" classname="runner.TestRunner"/>
  <testcase name="EmployeeTest" time="12.470" classname="runner.TestRunner"/>
</testsuite> <!-- runner.TestRunner -->
